<?xml version="1.0" encoding="UTF-8"?>
<!-- Generated by org.testng.reporters.JUnitXMLReporter -->
<testsuite hostname="SpearHead-PC" ignored="0" name="Login process" tests="4" failures="0" timestamp="24 Oct 2018 07:36:25 GMT" time="50.675" errors="0">
  <testcase name="loginPageTest" time="15.048" classname="com.dpreview.auto.tests.DpreviewLoginTest"/>
  <testcase name="loginDetails1" time="31.167" classname="com.dpreview.auto.tests.DpreviewLoginTest"/>
  <testcase name="enterSettingsTest" time="1.739" classname="com.dpreview.auto.tests.DpreviewLoginTest"/>
  <testcase name="userSettingsTest" time="0.734" classname="com.dpreview.auto.tests.DpreviewLoginTest"/>
</testsuite> <!-- Login process -->
