<?xml version="1.0" encoding="UTF-8"?>
<!-- Generated by org.testng.reporters.JUnitXMLReporter -->
<testsuite hostname="SpearHead-PC" ignored="0" name="Login process" tests="5" failures="0" timestamp="27 Nov 2018 10:30:59 GMT" time="62.334" errors="0">
  <testcase name="loginPageTest" time="16.998" classname="com.dpreview.auto.tests.T2_DpreviewLoginTest"/>
  <testcase name="loginDetails1" time="34.233" classname="com.dpreview.auto.tests.T2_DpreviewLoginTest"/>
  <testcase name="enterSettingsTest" time="2.217" classname="com.dpreview.auto.tests.T2_DpreviewLoginTest"/>
  <testcase name="userSettingsTest" time="2.708" classname="com.dpreview.auto.tests.T2_DpreviewLoginTest"/>
  <testcase name="navigateToOverviewPage" time="4.175" classname="com.dpreview.auto.tests.T2_DpreviewLoginTest"/>
</testsuite> <!-- Login process -->
