<?xml version="1.0" encoding="UTF-8"?>
<!-- Generated by org.testng.reporters.JUnitXMLReporter -->
<testsuite hostname="SpearHead-PC" ignored="0" name="Login process" tests="4" failures="0" timestamp="06 Nov 2018 18:38:27 GMT" time="56.461" errors="0">
  <testcase name="loginPageTest" time="18.207" classname="com.dpreview.auto.tests.DpreviewLoginTest"/>
  <testcase name="loginDetails1" time="32.204" classname="com.dpreview.auto.tests.DpreviewLoginTest"/>
  <testcase name="enterSettingsTest" time="2.459" classname="com.dpreview.auto.tests.DpreviewLoginTest"/>
  <testcase name="userSettingsTest" time="1.745" classname="com.dpreview.auto.tests.DpreviewLoginTest"/>
</testsuite> <!-- Login process -->
