<?xml version="1.0" encoding="UTF-8"?>
<!-- Generated by org.testng.reporters.JUnitXMLReporter -->
<testsuite hostname="SpearHead-PC" ignored="0" name="Default test" tests="4" failures="0" timestamp="03 Nov 2018 22:48:48 GMT" time="63.753" errors="0">
  <testcase name="loginPageTest" time="19.573" classname="com.dpreview.auto.tests.DpreviewLoginTest"/>
  <testcase name="loginDetails1" time="38.858" classname="com.dpreview.auto.tests.DpreviewLoginTest"/>
  <testcase name="enterSettingsTest" time="2.594" classname="com.dpreview.auto.tests.DpreviewLoginTest"/>
  <testcase name="userSettingsTest" time="1.394" classname="com.dpreview.auto.tests.DpreviewLoginTest"/>
</testsuite> <!-- Default test -->
