<?xml version="1.0" encoding="UTF-8"?>
<testng-results skipped="0" failed="0" ignored="0" total="4" passed="4">
  <reporter-output>
    <line>
      <![CDATA[Browsing to URL: https://www.dpreview.com]]>
    </line>
    <line>
      <![CDATA[Element is visible: Email input (By.id: ap_email)]]>
    </line>
    <line>
      <![CDATA[Element is visible: Password input (By.id: ap_password)]]>
    </line>
    <line>
      <![CDATA[*** On page: Dpreview login page]]>
    </line>
    <line>
      <![CDATA[Write 'eagle15e2000@yahoo.com' to element: Email input (By.id: ap_email)]]>
    </line>
    <line>
      <![CDATA[Write 'JazzMusic73!' to element: Password input (By.id: ap_password)]]>
    </line>
    <line>
      <![CDATA[Click on element: Keep me signed in (By.id: remember_me_learn_more_link)]]>
    </line>
    <line>
      <![CDATA[Click on element: Closing the signed in popup window (By.id: a-popover-header-1)]]>
    </line>
    <line>
      <![CDATA[Click on element: Remember me (By.name: rememberMe)]]>
    </line>
    <line>
      <![CDATA[Click on element: Sign in button (By.id: signInSubmit)]]>
    </line>
    <line>
      <![CDATA[Element is visible: Search box (By.className: searchBox)]]>
    </line>
    <line>
      <![CDATA[Element is visible: 'GO' button (By.className: submitBtn)]]>
    </line>
    <line>
      <![CDATA[Element is visible: Light mode (By.cssSelector: span.option:nth-child(1))]]>
    </line>
    <line>
      <![CDATA[Element is visible: Dark mode (By.cssSelector: span.option:nth-child(2))]]>
    </line>
    <line>
      <![CDATA[*** On page: DPReview Home Page]]>
    </line>
    <line>
      <![CDATA[Scrolled to Element By.name: userSettingsGallerySafetyLevelModerate (By.name: userSettingsGallerySafetyLevelModerate)]]>
    </line>
  </reporter-output>
  <suite name="Default suite" duration-ms="63753" started-at="2018-11-03T22:47:44Z" finished-at="2018-11-03T22:48:48Z">
    <groups>
    </groups>
    <test name="Default test" duration-ms="63753" started-at="2018-11-03T22:47:44Z" finished-at="2018-11-03T22:48:48Z">
      <class name="com.dpreview.auto.tests.DpreviewLoginTest">
        <test-method status="PASS" signature="beforeClass()[pri:0, instance:com.dpreview.auto.tests.DpreviewLoginTest@4f787b]" name="beforeClass" is-config="true" duration-ms="1190" started-at="2018-11-03T22:47:45Z" finished-at="2018-11-03T22:47:46Z">
          <reporter-output>
          </reporter-output>
        </test-method> <!-- beforeClass -->
        <test-method status="PASS" signature="beforeMethod()[pri:0, instance:com.dpreview.auto.tests.DpreviewLoginTest@4f787b]" name="beforeMethod" is-config="true" duration-ms="0" started-at="2018-11-03T22:47:46Z" finished-at="2018-11-03T22:47:46Z">
          <reporter-output>
          </reporter-output>
        </test-method> <!-- beforeMethod -->
        <test-method status="PASS" signature="loginPageTest()[pri:0, instance:com.dpreview.auto.tests.DpreviewLoginTest@4f787b]" name="loginPageTest" duration-ms="19573" started-at="2018-11-03T22:47:46Z" description="Testing the validation of the Login page" finished-at="2018-11-03T22:48:05Z">
          <reporter-output>
            <line>
              <![CDATA[Browsing to URL: https://www.dpreview.com]]>
            </line>
          </reporter-output>
        </test-method> <!-- loginPageTest -->
        <test-method status="PASS" signature="afterMethod()[pri:0, instance:com.dpreview.auto.tests.DpreviewLoginTest@4f787b]" name="afterMethod" is-config="true" duration-ms="0" started-at="2018-11-03T22:48:05Z" finished-at="2018-11-03T22:48:05Z">
          <reporter-output>
          </reporter-output>
        </test-method> <!-- afterMethod -->
        <test-method status="PASS" signature="loginDetails1()[pri:1, instance:com.dpreview.auto.tests.DpreviewLoginTest@4f787b]" name="loginDetails1" duration-ms="38858" started-at="2018-11-03T22:48:05Z" description="Typing the login details" finished-at="2018-11-03T22:48:44Z">
          <reporter-output>
            <line>
              <![CDATA[Element is visible: Email input (By.id: ap_email)]]>
            </line>
            <line>
              <![CDATA[Element is visible: Password input (By.id: ap_password)]]>
            </line>
            <line>
              <![CDATA[*** On page: Dpreview login page]]>
            </line>
            <line>
              <![CDATA[Write 'eagle15e2000@yahoo.com' to element: Email input (By.id: ap_email)]]>
            </line>
            <line>
              <![CDATA[Write 'JazzMusic73!' to element: Password input (By.id: ap_password)]]>
            </line>
            <line>
              <![CDATA[Click on element: Keep me signed in (By.id: remember_me_learn_more_link)]]>
            </line>
            <line>
              <![CDATA[Click on element: Closing the signed in popup window (By.id: a-popover-header-1)]]>
            </line>
            <line>
              <![CDATA[Click on element: Remember me (By.name: rememberMe)]]>
            </line>
            <line>
              <![CDATA[Click on element: Sign in button (By.id: signInSubmit)]]>
            </line>
            <line>
              <![CDATA[Element is visible: Search box (By.className: searchBox)]]>
            </line>
            <line>
              <![CDATA[Element is visible: 'GO' button (By.className: submitBtn)]]>
            </line>
            <line>
              <![CDATA[Element is visible: Light mode (By.cssSelector: span.option:nth-child(1))]]>
            </line>
            <line>
              <![CDATA[Element is visible: Dark mode (By.cssSelector: span.option:nth-child(2))]]>
            </line>
            <line>
              <![CDATA[*** On page: DPReview Home Page]]>
            </line>
          </reporter-output>
        </test-method> <!-- loginDetails1 -->
        <test-method status="PASS" signature="beforeMethod()[pri:0, instance:com.dpreview.auto.tests.DpreviewLoginTest@4f787b]" name="beforeMethod" is-config="true" duration-ms="0" started-at="2018-11-03T22:48:05Z" finished-at="2018-11-03T22:48:05Z">
          <reporter-output>
          </reporter-output>
        </test-method> <!-- beforeMethod -->
        <test-method status="PASS" signature="enterSettingsTest()[pri:2, instance:com.dpreview.auto.tests.DpreviewLoginTest@4f787b]" name="enterSettingsTest" duration-ms="2594" started-at="2018-11-03T22:48:44Z" description="The user enters to the settings section" finished-at="2018-11-03T22:48:47Z">
          <reporter-output>
          </reporter-output>
        </test-method> <!-- enterSettingsTest -->
        <test-method status="PASS" signature="beforeMethod()[pri:0, instance:com.dpreview.auto.tests.DpreviewLoginTest@4f787b]" name="beforeMethod" is-config="true" duration-ms="0" started-at="2018-11-03T22:48:44Z" finished-at="2018-11-03T22:48:44Z">
          <reporter-output>
          </reporter-output>
        </test-method> <!-- beforeMethod -->
        <test-method status="PASS" signature="afterMethod()[pri:0, instance:com.dpreview.auto.tests.DpreviewLoginTest@4f787b]" name="afterMethod" is-config="true" duration-ms="0" started-at="2018-11-03T22:48:44Z" finished-at="2018-11-03T22:48:44Z">
          <reporter-output>
          </reporter-output>
        </test-method> <!-- afterMethod -->
        <test-method status="PASS" signature="userSettingsTest()[pri:3, instance:com.dpreview.auto.tests.DpreviewLoginTest@4f787b]" name="userSettingsTest" duration-ms="1394" started-at="2018-11-03T22:48:47Z" description="The user sets the desired settings of his profile" finished-at="2018-11-03T22:48:48Z">
          <reporter-output>
            <line>
              <![CDATA[Scrolled to Element By.name: userSettingsGallerySafetyLevelModerate (By.name: userSettingsGallerySafetyLevelModerate)]]>
            </line>
          </reporter-output>
        </test-method> <!-- userSettingsTest -->
        <test-method status="PASS" signature="afterMethod()[pri:0, instance:com.dpreview.auto.tests.DpreviewLoginTest@4f787b]" name="afterMethod" is-config="true" duration-ms="0" started-at="2018-11-03T22:48:47Z" finished-at="2018-11-03T22:48:47Z">
          <reporter-output>
          </reporter-output>
        </test-method> <!-- afterMethod -->
        <test-method status="PASS" signature="beforeMethod()[pri:0, instance:com.dpreview.auto.tests.DpreviewLoginTest@4f787b]" name="beforeMethod" is-config="true" duration-ms="0" started-at="2018-11-03T22:48:47Z" finished-at="2018-11-03T22:48:47Z">
          <reporter-output>
          </reporter-output>
        </test-method> <!-- beforeMethod -->
        <test-method status="PASS" signature="afterClass()[pri:0, instance:com.dpreview.auto.tests.DpreviewLoginTest@4f787b]" name="afterClass" is-config="true" duration-ms="0" started-at="2018-11-03T22:48:48Z" finished-at="2018-11-03T22:48:48Z">
          <reporter-output>
          </reporter-output>
        </test-method> <!-- afterClass -->
        <test-method status="PASS" signature="afterMethod()[pri:0, instance:com.dpreview.auto.tests.DpreviewLoginTest@4f787b]" name="afterMethod" is-config="true" duration-ms="0" started-at="2018-11-03T22:48:48Z" finished-at="2018-11-03T22:48:48Z">
          <reporter-output>
          </reporter-output>
        </test-method> <!-- afterMethod -->
      </class> <!-- com.dpreview.auto.tests.DpreviewLoginTest -->
    </test> <!-- Default test -->
  </suite> <!-- Default suite -->
</testng-results>
